<?xml version="1.0" encoding="UTF-8"?>
<!-- Generated by org.testng.reporters.JUnitReportReporter -->
<testsuite skipped="0" hostname="MukunLaptop" name="demo.TestNGGroupsDemo" tests="7" failures="0" timestamp="2020-04-04T01:13:02 SGT" time="0.011" errors="0">
  <testcase name="test3" time="0.000" classname="demo.TestNGGroupsDemo"/>
  <system-out/>
  <testcase name="test6" time="0.001" classname="demo.TestNGGroupsDemo"/>
  <system-out/>
  <testcase name="test7" time="0.001" classname="demo.TestNGGroupsDemo"/>
  <system-out/>
  <testcase name="test2" time="0.001" classname="demo.TestNGGroupsDemo"/>
  <system-out/>
  <testcase name="test4" time="0.001" classname="demo.TestNGGroupsDemo"/>
  <system-out/>
  <testcase name="test5" time="0.001" classname="demo.TestNGGroupsDemo"/>
  <system-out/>
  <testcase name="test1" time="0.006" classname="demo.TestNGGroupsDemo"/>
  <system-out/>
</testsuite> <!-- demo.TestNGGroupsDemo -->
