<?xml version="1.0" encoding="UTF-8"?>
<!-- Generated by org.testng.reporters.JUnitReportReporter -->
<testsuite skipped="1" hostname="MukunLaptop" name="listeners.TestNGListenerDemo2" tests="3" failures="0" timestamp="2020-04-03T13:58:47 SGT" time="0.008" errors="0">
  <testcase name="test6" time="0.002" classname="listeners.TestNGListenerDemo2">
    <skipped/>
  </testcase> <!-- test6 -->
  <system-out/>
  <testcase name="test5" time="0.003" classname="listeners.TestNGListenerDemo2"/>
  <system-out/>
  <testcase name="test4" time="0.003" classname="listeners.TestNGListenerDemo2"/>
  <system-out/>
</testsuite> <!-- listeners.TestNGListenerDemo2 -->
