<?xml version="1.0" encoding="UTF-8"?>
<!-- Generated by org.testng.reporters.JUnitReportReporter -->
<testsuite skipped="0" hostname="MukunLaptop" name="test.Test1_GoogleSearch_TestNG_demo2" tests="3" failures="0" timestamp="2020-04-03T14:14:41 SGT" time="5.338" errors="0">
  <testcase name="GoogleSearch2" time="1.588" classname="test.Test1_GoogleSearch_TestNG_demo2"/>
  <system-out/>
  <testcase name="GoogleSearch" time="2.098" classname="test.Test1_GoogleSearch_TestNG_demo2"/>
  <system-out/>
  <testcase name="GoogleSearch3" time="1.652" classname="test.Test1_GoogleSearch_TestNG_demo2"/>
  <system-out/>
</testsuite> <!-- test.Test1_GoogleSearch_TestNG_demo2 -->
