<?xml version="1.0" encoding="UTF-8"?>
<!-- Generated by org.testng.reporters.JUnitReportReporter -->
<testsuite skipped="0" hostname="MukunLaptop" name="demo.TestNGMultipleBrowserDemo" tests="2" failures="0" timestamp="2020-04-03T21:45:34 SGT" time="29.050" errors="0">
  <testcase name="testOne" time="14.171" classname="demo.TestNGMultipleBrowserDemo"/>
  <system-out/>
  <testcase name="testOne" time="14.879" classname="demo.TestNGMultipleBrowserDemo"/>
  <system-out/>
</testsuite> <!-- demo.TestNGMultipleBrowserDemo -->
