<?xml version="1.0" encoding="UTF-8"?>
<!-- Generated by org.testng.reporters.JUnitReportReporter -->
<testsuite skipped="0" hostname="MukunLaptop" name="test.Test1_GoogleSearch_TestNG_demo" tests="1" failures="0" timestamp="2020-03-31T18:08:23 SGT" time="1.017" errors="0">
  <testcase name="GoogleSearch" time="1.017" classname="test.Test1_GoogleSearch_TestNG_demo"/>
  <system-out/>
</testsuite> <!-- test.Test1_GoogleSearch_TestNG_demo -->
