<?xml version="1.0" encoding="UTF-8"?>
<!-- Generated by org.testng.reporters.JUnitReportReporter -->
<testsuite skipped="0" hostname="MukunLaptop" name="listeners.TestNGListenerDemo" tests="5" failures="0" timestamp="2020-04-03T13:58:47 SGT" time="45.457" errors="0">
  <testcase name="testCase1" time="7.198" classname="listeners.TestNGListenerDemo"/>
  <system-out/>
  <testcase name="testCase1" time="12.945" classname="listeners.TestNGListenerDemo"/>
  <system-out/>
  <testcase name="testCase1" time="9.721" classname="listeners.TestNGListenerDemo"/>
  <system-out/>
  <testcase name="testCase1" time="9.886" classname="listeners.TestNGListenerDemo"/>
  <system-out/>
  <testcase name="testCase1" time="5.707" classname="listeners.TestNGListenerDemo"/>
  <system-out/>
</testsuite> <!-- listeners.TestNGListenerDemo -->
