<?xml version="1.0" encoding="UTF-8"?>
<!-- Generated by org.testng.reporters.JUnitReportReporter -->
<testsuite skipped="0" hostname="MukunLaptop" name="demo.TestNGDependencyDemo" tests="4" failures="0" timestamp="2020-04-04T01:39:57 SGT" time="0.008" errors="0">
  <testcase name="test4" time="0.007" classname="demo.TestNGDependencyDemo"/>
  <system-out/>
  <testcase name="test2" time="0.000" classname="demo.TestNGDependencyDemo"/>
  <system-out/>
  <testcase name="test1" time="0.001" classname="demo.TestNGDependencyDemo"/>
  <system-out/>
  <testcase name="test3" time="0.000" classname="demo.TestNGDependencyDemo"/>
  <system-out/>
</testsuite> <!-- demo.TestNGDependencyDemo -->
