<?xml version="1.0" encoding="UTF-8"?>
<!-- Generated by org.testng.reporters.JUnitReportReporter -->
<testsuite skipped="0" hostname="MukunLaptop" name="utils.ExcelDataProvider" tests="5" failures="0" timestamp="2020-04-02T19:56:28 SGT" time="59.336" errors="0">
  <testcase name="test2" time="10.113" classname="utils.ExcelDataProvider"/>
  <system-out/>
  <testcase name="test2" time="11.111" classname="utils.ExcelDataProvider"/>
  <system-out/>
  <testcase name="test2" time="19.940" classname="utils.ExcelDataProvider"/>
  <system-out/>
  <testcase name="test2" time="6.059" classname="utils.ExcelDataProvider"/>
  <system-out/>
  <testcase name="test2" time="12.113" classname="utils.ExcelDataProvider"/>
  <system-out/>
</testsuite> <!-- utils.ExcelDataProvider -->
